{"/Users/ugodasilva/Desktop/ugo/projets/orbit_overseer/src/app/redux/slice/WebSocketService.ts": {"path":"/Users/ugodasilva/Desktop/ugo/projets/orbit_overseer/src/app/redux/slice/WebSocketService.ts","statementMap":{"0":{"start":{"line":1,"column":14},"end":{"line":1,"column":65}},"1":{"start":{"line":7,"column":55},"end":{"line":7,"column":59}},"2":{"start":{"line":11,"column":8},"end":{"line":11,"column":27}},"3":{"start":{"line":12,"column":8},"end":{"line":12,"column":35}},"4":{"start":{"line":17,"column":8},"end":{"line":20,"column":9}},"5":{"start":{"line":19,"column":12},"end":{"line":19,"column":63}},"6":{"start":{"line":21,"column":8},"end":{"line":21,"column":41}},"7":{"start":{"line":26,"column":8},"end":{"line":26,"column":81}},"8":{"start":{"line":30,"column":8},"end":{"line":45,"column":9}},"9":{"start":{"line":31,"column":12},"end":{"line":31,"column":47}},"10":{"start":{"line":33,"column":12},"end":{"line":33,"column":121}},"11":{"start":{"line":35,"column":12},"end":{"line":35,"column":45}},"12":{"start":{"line":37,"column":12},"end":{"line":44,"column":14}},"13":{"start":{"line":38,"column":16},"end":{"line":38,"column":51}},"14":{"start":{"line":40,"column":16},"end":{"line":43,"column":17}},"15":{"start":{"line":41,"column":20},"end":{"line":41,"column":58}},"16":{"start":{"line":42,"column":20},"end":{"line":42,"column":47}},"17":{"start":{"line":47,"column":8},"end":{"line":49,"column":10}},"18":{"start":{"line":48,"column":12},"end":{"line":48,"column":54}},"19":{"start":{"line":52,"column":8},"end":{"line":64,"column":10}},"20":{"start":{"line":53,"column":12},"end":{"line":55,"column":13}},"21":{"start":{"line":54,"column":16},"end":{"line":54,"column":23}},"22":{"start":{"line":56,"column":12},"end":{"line":63,"column":13}},"23":{"start":{"line":57,"column":35},"end":{"line":57,"column":53}},"24":{"start":{"line":58,"column":16},"end":{"line":60,"column":17}},"25":{"start":{"line":59,"column":20},"end":{"line":59,"column":53}},"26":{"start":{"line":62,"column":16},"end":{"line":62,"column":83}},"27":{"start":{"line":75,"column":8},"end":{"line":77,"column":9}},"28":{"start":{"line":76,"column":12},"end":{"line":76,"column":32}},"29":{"start":{"line":81,"column":0},"end":{"line":81,"column":32}}},"fnMap":{"0":{"name":"(anonymous_0)","decl":{"start":{"line":9,"column":4},"end":{"line":9,"column":null}},"loc":{"start":{"line":9,"column":4},"end":{"line":13,"column":5}}},"1":{"name":"(anonymous_1)","decl":{"start":{"line":16,"column":11},"end":{"line":16,"column":17}},"loc":{"start":{"line":16,"column":29},"end":{"line":22,"column":5}}},"2":{"name":"(anonymous_2)","decl":{"start":{"line":25,"column":11},"end":{"line":25,"column":22}},"loc":{"start":{"line":25,"column":22},"end":{"line":27,"column":5}}},"3":{"name":"(anonymous_3)","decl":{"start":{"line":29,"column":11},"end":{"line":29,"column":18}},"loc":{"start":{"line":29,"column":75},"end":{"line":71,"column":5}}},"4":{"name":"(anonymous_4)","decl":{"start":{"line":37,"column":33},"end":{"line":37,"column":36}},"loc":{"start":{"line":37,"column":38},"end":{"line":44,"column":13}}},"5":{"name":"(anonymous_5)","decl":{"start":{"line":47,"column":30},"end":{"line":47,"column":31}},"loc":{"start":{"line":47,"column":47},"end":{"line":49,"column":9}}},"6":{"name":"(anonymous_6)","decl":{"start":{"line":52,"column":32},"end":{"line":52,"column":33}},"loc":{"start":{"line":52,"column":43},"end":{"line":64,"column":9}}},"7":{"name":"(anonymous_7)","decl":{"start":{"line":74,"column":11},"end":{"line":74,"column":21}},"loc":{"start":{"line":74,"column":21},"end":{"line":78,"column":5}}}},"branchMap":{"0":{"loc":{"start":{"line":17,"column":8},"end":{"line":20,"column":9}},"type":"if","locations":[{"start":{"line":17,"column":8},"end":{"line":20,"column":9}}]},"1":{"loc":{"start":{"line":26,"column":15},"end":{"line":26,"column":80}},"type":"binary-expr","locations":[{"start":{"line":26,"column":15},"end":{"line":26,"column":35}},{"start":{"line":26,"column":39},"end":{"line":26,"column":80}}]},"2":{"loc":{"start":{"line":30,"column":8},"end":{"line":45,"column":9}},"type":"if","locations":[{"start":{"line":30,"column":8},"end":{"line":45,"column":9}}]},"3":{"loc":{"start":{"line":30,"column":12},"end":{"line":30,"column":71}},"type":"binary-expr","locations":[{"start":{"line":30,"column":12},"end":{"line":30,"column":24}},{"start":{"line":30,"column":28},"end":{"line":30,"column":71}}]},"4":{"loc":{"start":{"line":33,"column":34},"end":{"line":33,"column":120}},"type":"cond-expr","locations":[{"start":{"line":33,"column":73},"end":{"line":33,"column":87}},{"start":{"line":33,"column":90},"end":{"line":33,"column":120}}]},"5":{"loc":{"start":{"line":40,"column":16},"end":{"line":43,"column":17}},"type":"if","locations":[{"start":{"line":40,"column":16},"end":{"line":43,"column":17}}]},"6":{"loc":{"start":{"line":40,"column":20},"end":{"line":40,"column":54}},"type":"binary-expr","locations":[{"start":{"line":40,"column":20},"end":{"line":40,"column":39}},{"start":{"line":40,"column":43},"end":{"line":40,"column":54}}]},"7":{"loc":{"start":{"line":53,"column":12},"end":{"line":55,"column":13}},"type":"if","locations":[{"start":{"line":53,"column":12},"end":{"line":55,"column":13}}]},"8":{"loc":{"start":{"line":58,"column":16},"end":{"line":60,"column":17}},"type":"if","locations":[{"start":{"line":58,"column":16},"end":{"line":60,"column":17}}]},"9":{"loc":{"start":{"line":75,"column":8},"end":{"line":77,"column":9}},"type":"if","locations":[{"start":{"line":75,"column":8},"end":{"line":77,"column":9}}]}},"s":{"0":1,"1":1,"2":6,"3":6,"4":8,"5":6,"6":8,"7":1,"8":4,"9":4,"10":4,"11":4,"12":4,"13":2,"14":2,"15":1,"16":1,"17":4,"18":0,"19":4,"20":1,"21":0,"22":1,"23":1,"24":1,"25":1,"26":0,"27":1,"28":1,"29":1},"f":{"0":6,"1":8,"2":1,"3":4,"4":2,"5":0,"6":1,"7":1},"b":{"0":[6],"1":[1,1],"2":[4],"3":[4,0],"4":[0,4],"5":[1],"6":[2,1],"7":[0],"8":[1],"9":[1]}}
,"/Users/ugodasilva/Desktop/ugo/projets/orbit_overseer/src/test/mockWebSocket.ts": {"path":"/Users/ugodasilva/Desktop/ugo/projets/orbit_overseer/src/test/mockWebSocket.ts","statementMap":{"0":{"start":{"line":2,"column":18},"end":{"line":2,"column":27}},"1":{"start":{"line":3,"column":19},"end":{"line":3,"column":28}},"2":{"start":{"line":4,"column":24},"end":{"line":4,"column":38}},"3":{"start":{"line":5,"column":66},"end":{"line":5,"column":70}},"4":{"start":{"line":6,"column":67},"end":{"line":6,"column":71}},"5":{"start":{"line":7,"column":76},"end":{"line":7,"column":80}},"6":{"start":{"line":8,"column":72},"end":{"line":8,"column":76}},"7":{"start":{"line":12,"column":8},"end":{"line":12,"column":64}},"8":{"start":{"line":12,"column":25},"end":{"line":12,"column":64}},"9":{"start":{"line":16,"column":8},"end":{"line":16,"column":66}},"10":{"start":{"line":16,"column":26},"end":{"line":16,"column":66}},"11":{"start":{"line":20,"column":8},"end":{"line":20,"column":70}},"12":{"start":{"line":20,"column":28},"end":{"line":20,"column":70}},"13":{"start":{"line":24,"column":8},"end":{"line":24,"column":66}},"14":{"start":{"line":24,"column":26},"end":{"line":24,"column":66}},"15":{"start":{"line":1,"column":0},"end":{"line":1,"column":13}}},"fnMap":{"0":{"name":"(anonymous_0)","decl":{"start":{"line":11,"column":11},"end":{"line":11,"column":22}},"loc":{"start":{"line":11,"column":35},"end":{"line":13,"column":5}}},"1":{"name":"(anonymous_1)","decl":{"start":{"line":15,"column":11},"end":{"line":15,"column":23}},"loc":{"start":{"line":15,"column":36},"end":{"line":17,"column":5}}},"2":{"name":"(anonymous_2)","decl":{"start":{"line":19,"column":11},"end":{"line":19,"column":25}},"loc":{"start":{"line":19,"column":45},"end":{"line":21,"column":5}}},"3":{"name":"(anonymous_3)","decl":{"start":{"line":23,"column":11},"end":{"line":23,"column":23}},"loc":{"start":{"line":23,"column":41},"end":{"line":25,"column":5}}}},"branchMap":{"0":{"loc":{"start":{"line":12,"column":8},"end":{"line":12,"column":64}},"type":"if","locations":[{"start":{"line":12,"column":8},"end":{"line":12,"column":64}}]},"1":{"loc":{"start":{"line":16,"column":8},"end":{"line":16,"column":66}},"type":"if","locations":[{"start":{"line":16,"column":8},"end":{"line":16,"column":66}}]},"2":{"loc":{"start":{"line":20,"column":8},"end":{"line":20,"column":70}},"type":"if","locations":[{"start":{"line":20,"column":8},"end":{"line":20,"column":70}}]},"3":{"loc":{"start":{"line":24,"column":8},"end":{"line":24,"column":66}},"type":"if","locations":[{"start":{"line":24,"column":8},"end":{"line":24,"column":66}}]}},"s":{"0":4,"1":4,"2":4,"3":4,"4":4,"5":4,"6":4,"7":2,"8":2,"9":0,"10":0,"11":1,"12":1,"13":0,"14":0,"15":1},"f":{"0":2,"1":0,"2":1,"3":0},"b":{"0":[2],"1":[0],"2":[1],"3":[0]}}
}
