TN:
SF:src/app/redux/slice/WebSocketService.ts
FN:9,(anonymous_0)
FN:16,(anonymous_1)
FN:25,(anonymous_2)
FN:29,(anonymous_3)
FN:37,(anonymous_4)
FN:47,(anonymous_5)
FN:52,(anonymous_6)
FN:74,(anonymous_7)
FNF:8
FNH:7
FNDA:6,(anonymous_0)
FNDA:8,(anonymous_1)
FNDA:1,(anonymous_2)
FNDA:4,(anonymous_3)
FNDA:2,(anonymous_4)
FNDA:0,(anonymous_5)
FNDA:1,(anonymous_6)
FNDA:1,(anonymous_7)
DA:1,1
DA:7,1
DA:11,6
DA:12,6
DA:17,8
DA:19,6
DA:21,8
DA:26,1
DA:30,4
DA:31,4
DA:33,4
DA:35,4
DA:37,4
DA:38,2
DA:40,2
DA:41,1
DA:42,1
DA:47,4
DA:48,0
DA:52,4
DA:53,1
DA:54,0
DA:56,1
DA:57,1
DA:58,1
DA:59,1
DA:62,0
DA:75,1
DA:76,1
DA:81,1
LF:30
LH:27
BRDA:17,0,0,6
BRDA:26,1,0,1
BRDA:26,1,1,1
BRDA:30,2,0,4
BRDA:30,3,0,4
BRDA:30,3,1,0
BRDA:33,4,0,0
BRDA:33,4,1,4
BRDA:40,5,0,1
BRDA:40,6,0,2
BRDA:40,6,1,1
BRDA:53,7,0,0
BRDA:58,8,0,1
BRDA:75,9,0,1
BRF:14
BRH:11
end_of_record
TN:
SF:src/test/mockWebSocket.ts
FN:11,(anonymous_0)
FN:15,(anonymous_1)
FN:19,(anonymous_2)
FN:23,(anonymous_3)
FNF:4
FNH:2
FNDA:2,(anonymous_0)
FNDA:0,(anonymous_1)
FNDA:1,(anonymous_2)
FNDA:0,(anonymous_3)
DA:1,1
DA:2,4
DA:3,4
DA:4,4
DA:5,4
DA:6,4
DA:7,4
DA:8,4
DA:12,2
DA:16,0
DA:20,1
DA:24,0
LF:12
LH:10
BRDA:12,0,0,2
BRDA:16,1,0,0
BRDA:20,2,0,1
BRDA:24,3,0,0
BRF:4
BRH:2
end_of_record
